Determining if the pthread_create exist failed with the following output:
Change Dir: /workspace/PyFleX/bindings/build/CMakeFiles/CMakeTmp

Run Build Command:"/usr/bin/make" "cmTC_861e8/fast"
/usr/bin/make -f CMakeFiles/cmTC_861e8.dir/build.make CMakeFiles/cmTC_861e8.dir/build
make[1]: Entering directory '/workspace/PyFleX/bindings/build/CMakeFiles/CMakeTmp'
Building C object CMakeFiles/cmTC_861e8.dir/CheckSymbolExists.c.o
/usr/bin/cc   -fPIC    -o CMakeFiles/cmTC_861e8.dir/CheckSymbolExists.c.o   -c /workspace/PyFleX/bindings/build/CMakeFiles/CMakeTmp/CheckSymbolExists.c
Linking C executable cmTC_861e8
/usr/bin/cmake -E cmake_link_script CMakeFiles/cmTC_861e8.dir/link.txt --verbose=1
/usr/bin/cc -fPIC     CMakeFiles/cmTC_861e8.dir/CheckSymbolExists.c.o  -o cmTC_861e8 
CMakeFiles/cmTC_861e8.dir/CheckSymbolExists.c.o: In function `main':
CheckSymbolExists.c:(.text+0x1b): undefined reference to `pthread_create'
collect2: error: ld returned 1 exit status
CMakeFiles/cmTC_861e8.dir/build.make:97: recipe for target 'cmTC_861e8' failed
make[1]: *** [cmTC_861e8] Error 1
make[1]: Leaving directory '/workspace/PyFleX/bindings/build/CMakeFiles/CMakeTmp'
Makefile:126: recipe for target 'cmTC_861e8/fast' failed
make: *** [cmTC_861e8/fast] Error 2

File /workspace/PyFleX/bindings/build/CMakeFiles/CMakeTmp/CheckSymbolExists.c:
/* */
#include <pthread.h>

int main(int argc, char** argv)
{
  (void)argv;
#ifndef pthread_create
  return ((int*)(&pthread_create))[argc];
#else
  (void)argc;
  return 0;
#endif
}

Determining if the function pthread_create exists in the pthreads failed with the following output:
Change Dir: /workspace/PyFleX/bindings/build/CMakeFiles/CMakeTmp

Run Build Command:"/usr/bin/make" "cmTC_04771/fast"
/usr/bin/make -f CMakeFiles/cmTC_04771.dir/build.make CMakeFiles/cmTC_04771.dir/build
make[1]: Entering directory '/workspace/PyFleX/bindings/build/CMakeFiles/CMakeTmp'
Building C object CMakeFiles/cmTC_04771.dir/CheckFunctionExists.c.o
/usr/bin/cc   -fPIC -DCHECK_FUNCTION_EXISTS=pthread_create   -o CMakeFiles/cmTC_04771.dir/CheckFunctionExists.c.o   -c /usr/share/cmake-3.10/Modules/CheckFunctionExists.c
Linking C executable cmTC_04771
/usr/bin/cmake -E cmake_link_script CMakeFiles/cmTC_04771.dir/link.txt --verbose=1
/usr/bin/cc -fPIC -DCHECK_FUNCTION_EXISTS=pthread_create    CMakeFiles/cmTC_04771.dir/CheckFunctionExists.c.o  -o cmTC_04771 -lpthreads 
/usr/bin/ld: cannot find -lpthreads
collect2: error: ld returned 1 exit status
CMakeFiles/cmTC_04771.dir/build.make:97: recipe for target 'cmTC_04771' failed
make[1]: *** [cmTC_04771] Error 1
make[1]: Leaving directory '/workspace/PyFleX/bindings/build/CMakeFiles/CMakeTmp'
Makefile:126: recipe for target 'cmTC_04771/fast' failed
make: *** [cmTC_04771/fast] Error 2


